  Lab_7.cpp
C:\Users\c00290201\Documents\Motion_Graphics\Lab_8\Lab_7\Lab_7.cpp(31,46): warning C4305: 'initializing': truncation from 'double' to 'float'
C:\Users\c00290201\Documents\Motion_Graphics\Lab_8\Lab_7\Lab_7.cpp(151,55): warning C4244: 'argument': conversion from 'T' to 'T', possible loss of data
          with
          [
              T=unsigned int
          ]
          and
          [
              T=float
          ]
C:\Users\c00290201\Documents\Motion_Graphics\Lab_8\Lab_7\Lab_7.cpp(218,48): warning C4244: 'argument': conversion from 'int' to 'float', possible loss of data
C:\Users\c00290201\Documents\Motion_Graphics\Lab_8\Lab_7\Lab_7.cpp(218,38): warning C4244: 'argument': conversion from 'int' to 'float', possible loss of data
C:\Users\c00290201\Documents\Motion_Graphics\Lab_8\Lab_7\Lab_7.cpp(225,48): warning C4244: 'argument': conversion from 'int' to 'float', possible loss of data
C:\Users\c00290201\Documents\Motion_Graphics\Lab_8\Lab_7\Lab_7.cpp(225,38): warning C4244: 'argument': conversion from 'int' to 'float', possible loss of data
C:\Users\c00290201\Documents\Motion_Graphics\Lab_8\Lab_7\Lab_7.cpp(231,48): warning C4244: 'argument': conversion from 'int' to 'float', possible loss of data
C:\Users\c00290201\Documents\Motion_Graphics\Lab_8\Lab_7\Lab_7.cpp(231,38): warning C4244: 'argument': conversion from 'int' to 'float', possible loss of data
C:\Users\c00290201\Documents\Motion_Graphics\Lab_8\Lab_7\Lab_7.cpp(239,48): warning C4244: 'argument': conversion from 'int' to 'float', possible loss of data
C:\Users\c00290201\Documents\Motion_Graphics\Lab_8\Lab_7\Lab_7.cpp(239,38): warning C4244: 'argument': conversion from 'int' to 'float', possible loss of data
C:\Users\c00290201\Documents\Motion_Graphics\Lab_8\Lab_7\Lab_7.cpp(247,48): warning C4244: 'argument': conversion from 'int' to 'float', possible loss of data
C:\Users\c00290201\Documents\Motion_Graphics\Lab_8\Lab_7\Lab_7.cpp(247,38): warning C4244: 'argument': conversion from 'int' to 'float', possible loss of data
C:\Users\c00290201\Documents\Motion_Graphics\Lab_8\Lab_7\Lab_7.cpp(255,48): warning C4244: 'argument': conversion from 'int' to 'float', possible loss of data
C:\Users\c00290201\Documents\Motion_Graphics\Lab_8\Lab_7\Lab_7.cpp(255,38): warning C4244: 'argument': conversion from 'int' to 'float', possible loss of data
C:\Users\c00290201\Documents\Motion_Graphics\Lab_8\Lab_7\Lab_7.cpp(302,1): warning C4305: 'argument': truncation from 'double' to 'float'
C:\Users\c00290201\Documents\Motion_Graphics\Lab_8\Lab_7\Lab_7.cpp(332,25): warning C4018: '<': signed/unsigned mismatch
C:\Users\c00290201\Documents\Motion_Graphics\Lab_8\Lab_7\Lab_7.cpp(356,1): warning C4305: '=': truncation from 'double' to 'float'
C:\Users\c00290201\Documents\Motion_Graphics\Lab_8\Lab_7\Lab_7.cpp(477,1): warning C4305: '=': truncation from 'double' to 'float'
C:\Users\c00290201\Documents\Motion_Graphics\Lab_8\Lab_7\Lab_7.cpp(516,23): warning C4018: '<': signed/unsigned mismatch
C:\Users\c00290201\Documents\Motion_Graphics\Lab_8\Lab_7\Lab_7.cpp(521,23): warning C4018: '<': signed/unsigned mismatch
  Lab_7.vcxproj -> C:\Users\c00290201\Documents\Motion_Graphics\Lab_8\Debug\Lab_7.exe
