  Game.cpp
C:\Users\c00290201\Documents\Motion_Graphics\Lab_10\BaseDefence\BaseDefence\Hive.h(9,6): warning C4227: anachronism used: qualifiers on reference are ignored
C:\Users\c00290201\Documents\Motion_Graphics\Lab_10\BaseDefence\BaseDefence\Game.cpp(27,17): warning C4244: 'argument': conversion from 'time_t' to 'unsigned int', possible loss of data
C:\Users\c00290201\Documents\Motion_Graphics\Lab_10\BaseDefence\BaseDefence\Game.cpp(98,74): warning C4244: 'argument': conversion from 'T' to 'T', possible loss of data
          with
          [
              T=unsigned int
          ]
          and
          [
              T=float
          ]
C:\Users\c00290201\Documents\Motion_Graphics\Lab_10\BaseDefence\BaseDefence\Game.cpp(98,52): warning C4244: 'argument': conversion from 'T' to 'T', possible loss of data
          with
          [
              T=unsigned int
          ]
          and
          [
              T=float
          ]
C:\Users\c00290201\Documents\Motion_Graphics\Lab_10\BaseDefence\BaseDefence\Game.cpp(169,30): warning C4244: '=': conversion from 'double' to 'int', possible loss of data
C:\Users\c00290201\Documents\Motion_Graphics\Lab_10\BaseDefence\BaseDefence\Game.cpp(177,30): warning C4244: '=': conversion from 'double' to 'int', possible loss of data
  BaseDefence.vcxproj -> C:\Users\c00290201\Documents\Motion_Graphics\Lab_10\BaseDefence\Debug\BaseDefence.exe
