  main.cpp
C:\Users\c00290201\Documents\Motion_Graphics\Lab_9\Split_Screen\Split_Screen\main.cpp(50,65): warning C4244: 'argument': conversion from 'T' to 'float', possible loss of data
          with
          [
              T=unsigned int
          ]
C:\Users\c00290201\Documents\Motion_Graphics\Lab_9\Split_Screen\Split_Screen\main.cpp(50,41): warning C4244: 'argument': conversion from 'T' to 'float', possible loss of data
          with
          [
              T=unsigned int
          ]
C:\Users\c00290201\Documents\Motion_Graphics\Lab_9\Split_Screen\Split_Screen\main.cpp(54,65): warning C4244: 'argument': conversion from 'T' to 'float', possible loss of data
          with
          [
              T=unsigned int
          ]
C:\Users\c00290201\Documents\Motion_Graphics\Lab_9\Split_Screen\Split_Screen\main.cpp(54,41): warning C4244: 'argument': conversion from 'T' to 'float', possible loss of data
          with
          [
              T=unsigned int
          ]
  Split_Screen.vcxproj -> C:\Users\c00290201\Documents\Motion_Graphics\Lab_9\Split_Screen\Debug\Split_Screen.exe
